INFO:  latexindent version 3.24.5, 2025-03-13, a script to indent .tex files
       latexindent lives here: /home/cran/local/install/texlive/2025/texmf-dist/scripts/latexindent/
       Fri Apr  4 13:56:54 2025
       Filename: /home/cran/w-Desktop/Latex-templates/latex-templates/__latexindent_temp_tight-eqn.tex
INFO:  Processing switches:
       -y|--yaml: YAML settings specified via command line
       -c|--cruft: cruft directory
INFO:  Directory for backup files and log file /home/cran/w-Desktop/Latex-templates/latex-templates/notes-template/indent.log:
       /home/cran/w-Desktop/Latex-templates/latex-templates/notes-template/
INFO:  YAML settings read: defaultSettings.yaml
       Reading defaultSettings.yaml from /home/cran/local/install/texlive/2025/texmf-dist/scripts/latexindent/defaultSettings.yaml
INFO:  YAML reading settings
       Home directory is /home/cran
       latexindent.pl didn't find indentconfig.yaml or .indentconfig.yaml
       see all possible locations: https://latexindentpl.readthedocs.io/en/latest/sec-appendices.html#indentconfig-options)
INFO:  YAML settings read: -y switch
       YAML setting: defaultIndent:'    '
       single-quoted string found in -y switch: '    ', substitute to     
       Updating mainSettings with defaultIndent:     
INFO:  Phase 1: searching for objects
INFO:  Phase 2: finding surrounding indentation
INFO:  Phase 3: indenting objects
INFO:  Phase 4: final indentation check
INFO:  Output routine:
       Not outputting to file; see -w and -o switches for more options.
       --------------
INFO:  Please direct all communication/issues to:
        https://github.com/cmhughes/latexindent.pl
